<?xml version="1.0" encoding="UTF-8"?>
<testng-results ignored="0" total="1" passed="1" failed="0" skipped="0">
  <reporter-output>
  </reporter-output>
  <suite started-at="2021-09-16T20:00:09 COT" name="tests.TestGeneral" finished-at="2021-09-16T20:00:10 COT" duration-ms="937">
    <groups>
    </groups>
    <test started-at="2021-09-16T20:00:09 COT" name="Command line test" finished-at="2021-09-16T20:00:10 COT" duration-ms="937">
      <class name="tests.TestGeneral">
        <test-method signature="verificarConexion()[pri:0, instance:tests.TestGeneral@7e0b85f9]" started-at="2021-09-16T20:00:09 COT" name="verificarConexion" finished-at="2021-09-16T20:00:10 COT" duration-ms="866" status="PASS">
          <reporter-output>
          </reporter-output>
        </test-method> <!-- verificarConexion -->
      </class> <!-- tests.TestGeneral -->
    </test> <!-- Command line test -->
  </suite> <!-- tests.TestGeneral -->
</testng-results>
